<?xml version="1.0" encoding="UTF-8"?>
<robot generator="Robot 7.0 (Python 3.12.3 on win32)" generated="2024-05-23T17:05:06.086721" rpa="false" schemaversion="5">
<suite id="s1" name="TestCases" source="C:\Arkadium\TestCases.robot">
<test id="s1-t1" name="Scenario 1: Complete a puzzle" line="8">
<kw name="Given I Access the Daily Quick Crossword website" owner="Resource">
<kw name="Set Selenium Implicit Wait" owner="SeleniumLibrary">
<arg>${IMPLICIT_WAIT_TIME}</arg>
<doc>Sets the implicit wait value used by Selenium.</doc>
<status status="PASS" start="2024-05-23T17:05:06.213470" elapsed="0.000000"/>
</kw>
<kw name="Open Browser" owner="SeleniumLibrary">
<msg time="2024-05-23T17:05:06.213470" level="INFO">Opening browser 'chrome' to base url 'https://www.gamelab.com/games/daily-quick-crossword'.</msg>
<arg>${URL}</arg>
<arg>${BROWSER}</arg>
<doc>Opens a new browser instance to the optional ``url``.</doc>
<status status="PASS" start="2024-05-23T17:05:06.213470" elapsed="3.692453"/>
</kw>
<kw name="Maximize Browser Window" owner="SeleniumLibrary">
<doc>Maximizes current browser window.</doc>
<status status="PASS" start="2024-05-23T17:05:09.905923" elapsed="0.050923"/>
</kw>
<kw name="Sleep" owner="BuiltIn">
<msg time="2024-05-23T17:05:14.958013" level="INFO">Slept 5 seconds.</msg>
<arg>5 seconds</arg>
<doc>Pauses the test executed for the given time.</doc>
<status status="PASS" start="2024-05-23T17:05:09.956846" elapsed="5.001167"/>
</kw>
<kw name="Click Button" owner="SeleniumLibrary">
<msg time="2024-05-23T17:05:14.958013" level="INFO">Clicking button '//button[@mode='primary']'.</msg>
<arg>${ACCEPT_PRIVACY}</arg>
<doc>Clicks the button identified by ``locator``.</doc>
<status status="PASS" start="2024-05-23T17:05:14.958013" elapsed="0.148354"/>
</kw>
<status status="PASS" start="2024-05-23T17:05:06.213470" elapsed="8.892897"/>
</kw>
<kw name="And I navigate to the daily puzzle" owner="Resource">
<kw name="Select Frame" owner="SeleniumLibrary">
<msg time="2024-05-23T17:05:15.107363" level="INFO">Selecting frame '//iframe[@aria-label='canvas box for game']'.</msg>
<arg>${GAME_FRAME}</arg>
<doc>Sets frame identified by ``locator`` as the current frame.</doc>
<status status="PASS" start="2024-05-23T17:05:15.107363" elapsed="0.017940"/>
</kw>
<kw name="Take Screenshot" owner="Screenshot">
<msg time="2024-05-23T17:05:15.171257" level="INFO" html="true">&lt;a href="screenshot_1.jpg"&gt;&lt;img src="screenshot_1.jpg" width="800px"&gt;&lt;/a&gt;</msg>
<doc>Takes a screenshot in JPEG format and embeds it into the log file.</doc>
<status status="PASS" start="2024-05-23T17:05:15.125303" elapsed="0.045954"/>
</kw>
<kw name="Click Element" owner="SeleniumLibrary">
<msg time="2024-05-23T17:05:15.172302" level="INFO">Clicking element '//li[@class='_2BOPctp29PxsHq2CqVoKII _2iAH5VnOWbhlqrKN5CXRpN gameStart_puzzle__UKU36']'.</msg>
<arg>${DAILY_PUZZLE}</arg>
<doc>Click the element identified by ``locator``.</doc>
<status status="PASS" start="2024-05-23T17:05:15.171257" elapsed="0.603257"/>
</kw>
<status status="PASS" start="2024-05-23T17:05:15.107363" elapsed="0.667151"/>
</kw>
<kw name="When I fill all the words correctly" owner="Resource">
<kw name="Click Button" owner="SeleniumLibrary">
<msg time="2024-05-23T17:05:15.775512" level="INFO">Clicking button '//button[@data-tip='(Ctrl+V)']'.</msg>
<arg>${REVEAL_BUTTON_MENU}</arg>
<doc>Clicks the button identified by ``locator``.</doc>
<status status="PASS" start="2024-05-23T17:05:15.775512" elapsed="0.450726"/>
</kw>
<kw name="Click Element" owner="SeleniumLibrary">
<msg time="2024-05-23T17:05:16.226238" level="INFO">Clicking element '//li[text()='Reveal puzzle']'.</msg>
<arg>${REVEAL_PUZZLE_BUTTON}</arg>
<doc>Click the element identified by ``locator``.</doc>
<status status="PASS" start="2024-05-23T17:05:16.226238" elapsed="0.127445"/>
</kw>
<kw name="Take Screenshot" owner="Screenshot">
<msg time="2024-05-23T17:05:16.394546" level="INFO" html="true">&lt;a href="screenshot_2.jpg"&gt;&lt;img src="screenshot_2.jpg" width="800px"&gt;&lt;/a&gt;</msg>
<doc>Takes a screenshot in JPEG format and embeds it into the log file.</doc>
<status status="PASS" start="2024-05-23T17:05:16.353683" elapsed="0.040863"/>
</kw>
<kw name="Sleep" owner="BuiltIn">
<msg time="2024-05-23T17:05:21.395106" level="INFO">Slept 5 seconds.</msg>
<arg>5 seconds</arg>
<doc>Pauses the test executed for the given time.</doc>
<status status="PASS" start="2024-05-23T17:05:16.394546" elapsed="5.000560"/>
</kw>
<status status="PASS" start="2024-05-23T17:05:15.774514" elapsed="5.620592"/>
</kw>
<kw name="And I click the Review Answers button" owner="Resource">
<kw name="Click Button" owner="SeleniumLibrary">
<msg time="2024-05-23T17:05:21.396102" level="INFO">Clicking button '//button[text()='Review Answers']'.</msg>
<arg>${REWIEW_ANSWERS_BUTTON}</arg>
<doc>Clicks the button identified by ``locator``.</doc>
<status status="PASS" start="2024-05-23T17:05:21.396102" elapsed="0.065866"/>
</kw>
<kw name="Sleep" owner="BuiltIn">
<msg time="2024-05-23T17:05:26.463485" level="INFO">Slept 5 seconds.</msg>
<arg>5 seconds</arg>
<doc>Pauses the test executed for the given time.</doc>
<status status="PASS" start="2024-05-23T17:05:21.461968" elapsed="5.001517"/>
</kw>
<kw name="Take Screenshot" owner="Screenshot">
<msg time="2024-05-23T17:05:26.513436" level="INFO" html="true">&lt;a href="screenshot_3.jpg"&gt;&lt;img src="screenshot_3.jpg" width="800px"&gt;&lt;/a&gt;</msg>
<doc>Takes a screenshot in JPEG format and embeds it into the log file.</doc>
<status status="PASS" start="2024-05-23T17:05:26.463485" elapsed="0.049951"/>
</kw>
<status status="PASS" start="2024-05-23T17:05:21.396102" elapsed="5.117334"/>
</kw>
<status status="PASS" start="2024-05-23T17:05:06.212500" elapsed="20.302043"/>
</test>
<kw name="Close Browser" owner="SeleniumLibrary" type="TEARDOWN">
<doc>Closes the current browser.</doc>
<status status="PASS" start="2024-05-23T17:05:26.516426" elapsed="2.145375"/>
</kw>
<status status="PASS" start="2024-05-23T17:05:06.087717" elapsed="22.574084"/>
</suite>
<statistics>
<total>
<stat pass="1" fail="0" skip="0">All Tests</stat>
</total>
<tag>
</tag>
<suite>
<stat pass="1" fail="0" skip="0" id="s1" name="TestCases">TestCases</stat>
</suite>
</statistics>
<errors>
</errors>
</robot>
